Removed Pin From Net: NetName=Vin-5V Pin=Coil-2
Removed Member From Class: ClassName=Sheet2 Member=Coil
Added Component: Designator=L1(INDAD1680W80L1200D650)
Add component (AddParameter): Name = "Availability"; Value = "In Stock"; VariantName = "[No Variations]"
Add component (AddParameter): Name = "Check_prices"; Value = "https://www.snapeda.com/parts/B82145A1105J000/TDK/view-part/?ref=eda"; VariantName = "[No Variations]"
Add component (AddParameter): Name = "MF"; Value = "TDK"; VariantName = "[No Variations]"
Add component (AddParameter): Name = "MP"; Value = "B82145A1105J000"; VariantName = "[No Variations]"
Add component (AddParameter): Name = "Package"; Value = "None"; VariantName = "[No Variations]"
Add component (AddParameter): Name = "Price"; Value = "None"; VariantName = "[No Variations]"
Add component (AddParameter): Name = "Purchase-URL"; Value = "https://pricing.snapeda.com/search/part/B82145A1105J000/?ref=eda"; VariantName = "[No Variations]"
Add component (AddParameter): Name = "SnapEDA_Link"; Value = "https://www.snapeda.com/parts/B82145A1105J000/TDK/view-part/?ref=snap"; VariantName = "[No Variations]"
Add component (AddParameter): Name = "Value"; Value = ""; VariantName = "[No Variations]"
Added Pin To Net: NetName=GND Pin=ESP-32-2
Added Pin To Net: NetName=Vin-5V Pin=L1-2
Added Pin To Net: NetName=AGND Pin=Sensor-4
Added Net: Name=AGND
Added Pin To Net: NetName=NetL1_1 Pin=L1-1
Added Pin To Net: NetName=NetL1_1 Pin=REG-3
Added Net: Name=NetL1_1
Added Member To Class: ClassName=Sheet2 Member=Component L1 B82145A1105J000
